<?xml version="1.0" encoding="UTF-8"?>
<coverage generated="1626842060015" clover="3.2.0">
  <project timestamp="1626842060015" name="All files">
    <metrics statements="22" coveredstatements="22" conditionals="16" coveredconditionals="16" methods="10" coveredmethods="10" elements="48" coveredelements="48" complexity="0" loc="22" ncloc="22" packages="1" files="1" classes="1"/>
    <file name="BM25.ts" path="/home/furgo/Desktop/OkapiBM25/BM25.ts">
      <metrics statements="22" coveredstatements="22" conditionals="16" coveredconditionals="16" methods="10" coveredmethods="10"/>
      <line num="2" count="1" type="stmt"/>
      <line num="3" count="10" type="cond" truecount="4" falsecount="0"/>
      <line num="7" count="1" type="stmt"/>
      <line num="8" count="10" type="cond" truecount="4" falsecount="0"/>
      <line num="12" count="1" type="stmt"/>
      <line num="14" count="6" type="stmt"/>
      <line num="15" count="18" type="stmt"/>
      <line num="17" count="6" type="stmt"/>
      <line num="34" count="2" type="cond" truecount="4" falsecount="0"/>
      <line num="35" count="2" type="cond" truecount="4" falsecount="0"/>
      <line num="36" count="2" type="stmt"/>
      <line num="37" count="6" type="stmt"/>
      <line num="40" count="6" type="stmt"/>
      <line num="41" count="2" type="stmt"/>
      <line num="42" count="6" type="stmt"/>
      <line num="44" count="6" type="stmt"/>
      <line num="45" count="6" type="stmt"/>
      <line num="46" count="6" type="stmt"/>
      <line num="47" count="6" type="stmt"/>
      <line num="53" count="6" type="stmt"/>
      <line num="54" count="6" type="stmt"/>
      <line num="56" count="2" type="stmt"/>
    </file>
  </project>
</coverage>
