{"/home/furgo/Desktop/OkapiBM25/BM25.ts": {"path":"/home/furgo/Desktop/OkapiBM25/BM25.ts","statementMap":{"0":{"start":{"line":2,"column":28},"end":{"line":4,"column":1}},"1":{"start":{"line":3,"column":2},"end":{"line":3,"column":53}},"2":{"start":{"line":7,"column":32},"end":{"line":9,"column":1}},"3":{"start":{"line":8,"column":2},"end":{"line":8,"column":68}},"4":{"start":{"line":12,"column":22},"end":{"line":20,"column":1}},"5":{"start":{"line":14,"column":28},"end":{"line":16,"column":10}},"6":{"start":{"line":15,"column":4},"end":{"line":15,"column":27}},"7":{"start":{"line":17,"column":2},"end":{"line":19,"column":4}},"8":{"start":{"line":34,"column":12},"end":{"line":34,"column":57}},"9":{"start":{"line":35,"column":13},"end":{"line":35,"column":59}},"10":{"start":{"line":36,"column":26},"end":{"line":38,"column":3}},"11":{"start":{"line":37,"column":4},"end":{"line":37,"column":26}},"12":{"start":{"line":40,"column":4},"end":{"line":40,"column":65}},"13":{"start":{"line":40,"column":37},"end":{"line":40,"column":42}},"14":{"start":{"line":41,"column":17},"end":{"line":55,"column":4}},"15":{"start":{"line":42,"column":18},"end":{"line":53,"column":49}},"16":{"start":{"line":44,"column":41},"end":{"line":44,"column":67}},"17":{"start":{"line":45,"column":30},"end":{"line":45,"column":65}},"18":{"start":{"line":46,"column":31},"end":{"line":46,"column":53}},"19":{"start":{"line":47,"column":8},"end":{"line":51,"column":10}},"20":{"start":{"line":53,"column":40},"end":{"line":53,"column":45}},"21":{"start":{"line":54,"column":4},"end":{"line":54,"column":17}},"22":{"start":{"line":56,"column":2},"end":{"line":56,"column":16}}},"fnMap":{"0":{"name":"(anonymous_0)","decl":{"start":{"line":2,"column":28},"end":{"line":2,"column":29}},"loc":{"start":{"line":2,"column":48},"end":{"line":4,"column":1}},"line":2},"1":{"name":"(anonymous_1)","decl":{"start":{"line":7,"column":32},"end":{"line":7,"column":33}},"loc":{"start":{"line":7,"column":66},"end":{"line":9,"column":1}},"line":7},"2":{"name":"(anonymous_2)","decl":{"start":{"line":12,"column":22},"end":{"line":12,"column":23}},"loc":{"start":{"line":12,"column":61},"end":{"line":20,"column":1}},"line":12},"3":{"name":"(anonymous_3)","decl":{"start":{"line":14,"column":45},"end":{"line":14,"column":46}},"loc":{"start":{"line":15,"column":4},"end":{"line":15,"column":27}},"line":15},"4":{"name":"BM25","decl":{"start":{"line":29,"column":24},"end":{"line":29,"column":28}},"loc":{"start":{"line":33,"column":12},"end":{"line":57,"column":1}},"line":33},"5":{"name":"(anonymous_5)","decl":{"start":{"line":36,"column":40},"end":{"line":36,"column":41}},"loc":{"start":{"line":37,"column":4},"end":{"line":37,"column":26}},"line":37},"6":{"name":"(anonymous_6)","decl":{"start":{"line":40,"column":27},"end":{"line":40,"column":28}},"loc":{"start":{"line":40,"column":37},"end":{"line":40,"column":42}},"line":40},"7":{"name":"(anonymous_7)","decl":{"start":{"line":41,"column":31},"end":{"line":41,"column":32}},"loc":{"start":{"line":41,"column":68},"end":{"line":55,"column":3}},"line":41},"8":{"name":"(anonymous_8)","decl":{"start":{"line":43,"column":11},"end":{"line":43,"column":12}},"loc":{"start":{"line":43,"column":32},"end":{"line":52,"column":7}},"line":43},"9":{"name":"(anonymous_9)","decl":{"start":{"line":53,"column":14},"end":{"line":53,"column":15}},"loc":{"start":{"line":53,"column":40},"end":{"line":53,"column":45}},"line":53}},"branchMap":{"0":{"loc":{"start":{"line":3,"column":10},"end":{"line":3,"column":44}},"type":"binary-expr","locations":[{"start":{"line":3,"column":10},"end":{"line":3,"column":38}},{"start":{"line":3,"column":42},"end":{"line":3,"column":44}}],"line":3},"1":{"loc":{"start":{"line":3,"column":11},"end":{"line":3,"column":23}},"type":"binary-expr","locations":[{"start":{"line":3,"column":11},"end":{"line":3,"column":17}},{"start":{"line":3,"column":21},"end":{"line":3,"column":23}}],"line":3},"2":{"loc":{"start":{"line":8,"column":10},"end":{"line":8,"column":59}},"type":"binary-expr","locations":[{"start":{"line":8,"column":10},"end":{"line":8,"column":53}},{"start":{"line":8,"column":57},"end":{"line":8,"column":59}}],"line":8},"3":{"loc":{"start":{"line":8,"column":11},"end":{"line":8,"column":23}},"type":"binary-expr","locations":[{"start":{"line":8,"column":11},"end":{"line":8,"column":17}},{"start":{"line":8,"column":21},"end":{"line":8,"column":23}}],"line":8},"4":{"loc":{"start":{"line":34,"column":12},"end":{"line":34,"column":57}},"type":"cond-expr","locations":[{"start":{"line":34,"column":39},"end":{"line":34,"column":50}},{"start":{"line":34,"column":53},"end":{"line":34,"column":57}}],"line":34},"5":{"loc":{"start":{"line":34,"column":12},"end":{"line":34,"column":36}},"type":"binary-expr","locations":[{"start":{"line":34,"column":12},"end":{"line":34,"column":21}},{"start":{"line":34,"column":25},"end":{"line":34,"column":36}}],"line":34},"6":{"loc":{"start":{"line":35,"column":13},"end":{"line":35,"column":59}},"type":"cond-expr","locations":[{"start":{"line":35,"column":41},"end":{"line":35,"column":53}},{"start":{"line":35,"column":56},"end":{"line":35,"column":59}}],"line":35},"7":{"loc":{"start":{"line":35,"column":13},"end":{"line":35,"column":38}},"type":"binary-expr","locations":[{"start":{"line":35,"column":13},"end":{"line":35,"column":22}},{"start":{"line":35,"column":26},"end":{"line":35,"column":38}}],"line":35}},"s":{"0":1,"1":10,"2":1,"3":10,"4":1,"5":6,"6":18,"7":6,"8":2,"9":2,"10":2,"11":6,"12":2,"13":6,"14":2,"15":6,"16":6,"17":6,"18":6,"19":6,"20":6,"21":6,"22":2},"f":{"0":10,"1":10,"2":6,"3":18,"4":2,"5":6,"6":6,"7":6,"8":6,"9":6},"b":{"0":[10,1],"1":[10,1],"2":[10,4],"3":[10,1],"4":[1,1],"5":[2,1],"6":[1,1],"7":[2,1]},"_coverageSchema":"1a1c01bbd47fc00a2c39e90264f33305004495a9","hash":"ba85c7d636e1fabd42777ada17cb82277ed9a3e0"}
}
