{"total": {"lines":{"total":22,"covered":22,"skipped":0,"pct":100},"statements":{"total":23,"covered":23,"skipped":0,"pct":100},"functions":{"total":10,"covered":10,"skipped":0,"pct":100},"branches":{"total":16,"covered":16,"skipped":0,"pct":100}}
,"/home/furgo/Desktop/OkapiBM25/BM25.ts": {"lines":{"total":22,"covered":22,"skipped":0,"pct":100},"functions":{"total":10,"covered":10,"skipped":0,"pct":100},"statements":{"total":23,"covered":23,"skipped":0,"pct":100},"branches":{"total":16,"covered":16,"skipped":0,"pct":100}}
}
