TN:
SF:BM25.ts
FN:2,(anonymous_0)
FN:7,(anonymous_1)
FN:12,(anonymous_2)
FN:14,(anonymous_3)
FN:29,BM25
FN:36,(anonymous_5)
FN:40,(anonymous_6)
FN:41,(anonymous_7)
FN:43,(anonymous_8)
FN:53,(anonymous_9)
FNF:10
FNH:10
FNDA:10,(anonymous_0)
FNDA:10,(anonymous_1)
FNDA:6,(anonymous_2)
FNDA:18,(anonymous_3)
FNDA:2,BM25
FNDA:6,(anonymous_5)
FNDA:6,(anonymous_6)
FNDA:6,(anonymous_7)
FNDA:6,(anonymous_8)
FNDA:6,(anonymous_9)
DA:2,1
DA:3,10
DA:7,1
DA:8,10
DA:12,1
DA:14,6
DA:15,18
DA:17,6
DA:34,2
DA:35,2
DA:36,2
DA:37,6
DA:40,6
DA:41,2
DA:42,6
DA:44,6
DA:45,6
DA:46,6
DA:47,6
DA:53,6
DA:54,6
DA:56,2
LF:22
LH:22
BRDA:3,0,0,10
BRDA:3,0,1,1
BRDA:3,1,0,10
BRDA:3,1,1,1
BRDA:8,2,0,10
BRDA:8,2,1,4
BRDA:8,3,0,10
BRDA:8,3,1,1
BRDA:34,4,0,1
BRDA:34,4,1,1
BRDA:34,5,0,2
BRDA:34,5,1,1
BRDA:35,6,0,1
BRDA:35,6,1,1
BRDA:35,7,0,2
BRDA:35,7,1,1
BRF:16
BRH:16
end_of_record
